Copyright 1986-2022 Xilinx, Inc. All Rights Reserved.
-----------------------------------------------------------------------------------------------
| Tool Version : Vivado v.2022.1 (lin64) Build 3526262 Mon Apr 18 15:47:01 MDT 2022
| Date         : Thu Nov 24 02:30:00 2022
| Host         : felefaus-93 running 64-bit Ubuntu 22.04.1 LTS
| Command      : report_utilization -hierarchical -file top_utilization_hierarchical_synth.rpt
| Design       : top
| Device       : xc7z010clg400-1
| Speed File   : -1
| Design State : Synthesized
-----------------------------------------------------------------------------------------------

Utilization Design Information

Table of Contents
-----------------
1. Utilization by Hierarchy

1. Utilization by Hierarchy
---------------------------

+----------------------------+------------------+------------+------------+---------+------+------+--------+--------+------------+
|          Instance          |      Module      | Total LUTs | Logic LUTs | LUTRAMs | SRLs |  FFs | RAMB36 | RAMB18 | DSP Blocks |
+----------------------------+------------------+------------+------------+---------+------+------+--------+--------+------------+
| top                        |            (top) |       2628 |       2612 |      16 |    0 | 2118 |     18 |      8 |          4 |
|   (top)                    |            (top) |        394 |        378 |      16 |    0 |  862 |     17 |      0 |          0 |
|   VexRiscv                 |         VexRiscv |       2234 |       2234 |       0 |    0 | 1256 |      1 |      8 |          4 |
|     (VexRiscv)             |         VexRiscv |        878 |        878 |       0 |    0 | 1080 |      0 |      2 |          4 |
|     IBusCachedPlugin_cache | InstructionCache |        787 |        787 |       0 |    0 |  111 |      1 |      1 |          0 |
|     dataCache_1            |        DataCache |        569 |        569 |       0 |    0 |   65 |      0 |      5 |          0 |
+----------------------------+------------------+------------+------------+---------+------+------+--------+--------+------------+


