#
# An unexpected error has occurred (11)
#
Stack:
/lib/x86_64-linux-gnu/libc.so.6(+0x42520) [0x7f7d1381a520]
/tools/Xilinx/Vivado/2022.1/lib/lnx64.o/libtcmalloc.so.4(tcmalloc::ThreadCache::ReleaseToCentralCache(tcmalloc::ThreadCache::FreeList*, unsigned long, int)+0xf3) [0x7f7d15628973]
/tools/Xilinx/Vivado/2022.1/lib/lnx64.o/libtcmalloc.so.4(tcmalloc::ThreadCache::Scavenge()+0x40) [0x7f7d15628d80]
/tools/Xilinx/Vivado/2022.1/lib/lnx64.o/libtcmalloc.so.4(tc_cfree+0x3b6) [0x7f7d15639406]
/tools/Xilinx/Vivado/2022.1/lib/lnx64.o/librdi_device.so(HDARPartNode::~HDARPartNode()+0x4a) [0x7f7cdf3a9b8a]
/tools/Xilinx/Vivado/2022.1/lib/lnx64.o/librdi_device.so(HDARPartNode::~HDARPartNode()+0x74) [0x7f7cdf3a9bb4]
/tools/Xilinx/Vivado/2022.1/lib/lnx64.o/librdi_device.so(HDARPartNode::~HDARPartNode()+0x74) [0x7f7cdf3a9bb4]
/tools/Xilinx/Vivado/2022.1/lib/lnx64.o/librdi_device.so(HDARPartNode::~HDARPartNode()+0x74) [0x7f7cdf3a9bb4]
/tools/Xilinx/Vivado/2022.1/lib/lnx64.o/librdi_device.so(HDARPartNode::~HDARPartNode()+0x74) [0x7f7cdf3a9bb4]
/tools/Xilinx/Vivado/2022.1/lib/lnx64.o/librdi_device.so(HDARPartNode::~HDARPartNode()+0x74) [0x7f7cdf3a9bb4]
/tools/Xilinx/Vivado/2022.1/lib/lnx64.o/librdi_device.so(HARPartMgr::~HARPartMgr()+0x25) [0x7f7cdf3607f5]
/tools/Xilinx/Vivado/2022.1/lib/lnx64.o/librdi_device.so(+0x3aa23ae) [0x7f7cdf3643ae]
/lib/x86_64-linux-gnu/libc.so.6(+0x45495) [0x7f7d1381d495]
/lib/x86_64-linux-gnu/libc.so.6(on_exit+0) [0x7f7d1381d610]
/tools/Xilinx/Vivado/2022.1/lib/lnx64.o/libtcl8.5.so(+0x74421) [0x7f7d0ea74421]
/tools/Xilinx/Vivado/2022.1/lib/lnx64.o/libtcl8.5.so(+0x3b4ef) [0x7f7d0ea3b4ef]
/tools/Xilinx/Vivado/2022.1/lib/lnx64.o/libtcl8.5.so(+0x3356f) [0x7f7d0ea3356f]
/tools/Xilinx/Vivado/2022.1/lib/lnx64.o/libtcl8.5.so(Tcl_EvalObjv+0x32) [0x7f7d0ea336a2]
/tools/Xilinx/Vivado/2022.1/lib/lnx64.o/libtcl8.5.so(+0x84b7f) [0x7f7d0ea84b7f]
/tools/Xilinx/Vivado/2022.1/lib/lnx64.o/libtcl8.5.so(+0x3356f) [0x7f7d0ea3356f]
/tools/Xilinx/Vivado/2022.1/lib/lnx64.o/libtcl8.5.so(+0x76945) [0x7f7d0ea76945]
/tools/Xilinx/Vivado/2022.1/lib/lnx64.o/libtcl8.5.so(+0x7e0f9) [0x7f7d0ea7e0f9]
/tools/Xilinx/Vivado/2022.1/lib/lnx64.o/libtcl8.5.so(TclEvalObjEx+0x76) [0x7f7d0ea35216]
/tools/Xilinx/Vivado/2022.1/lib/lnx64.o/libtcl8.5.so(Tcl_RecordAndEvalObj+0x143) [0x7f7d0ea83bd3]
/tools/Xilinx/Vivado/2022.1/lib/lnx64.o/librdi_commontasks.so(+0x2f1e39) [0x7f7d07c4be39]
/tools/Xilinx/Vivado/2022.1/lib/lnx64.o/libtcl8.5.so(Tcl_Main+0x620) [0x7f7d0eaa0740]
/tools/Xilinx/Vivado/2022.1/lib/lnx64.o/librdi_common.so(+0xb721fb) [0x7f7d14e741fb]
/lib/x86_64-linux-gnu/libc.so.6(+0x94b43) [0x7f7d1386cb43]
/lib/x86_64-linux-gnu/libc.so.6(+0x126a00) [0x7f7d138fea00]
